Traceback (most recent call last):
  File "C:\Users\Pc Com\anaconda3\envs\env_pf_data_viz\lib\site-packages\jupyter_cache\executors\utils.py", line 58, in single_nb_execution
    executenb(
  File "C:\Users\Pc Com\anaconda3\envs\env_pf_data_viz\lib\site-packages\nbclient\client.py", line 1314, in execute
    return NotebookClient(nb=nb, resources=resources, km=km, **kwargs).execute()
  File "C:\Users\Pc Com\anaconda3\envs\env_pf_data_viz\lib\site-packages\jupyter_core\utils\__init__.py", line 165, in wrapped
    return loop.run_until_complete(inner)
  File "C:\Users\Pc Com\anaconda3\envs\env_pf_data_viz\lib\asyncio\base_events.py", line 647, in run_until_complete
    return future.result()
  File "C:\Users\Pc Com\anaconda3\envs\env_pf_data_viz\lib\site-packages\nbclient\client.py", line 709, in async_execute
    await self.async_execute_cell(
  File "C:\Users\Pc Com\anaconda3\envs\env_pf_data_viz\lib\site-packages\nbclient\client.py", line 1062, in async_execute_cell
    await self._check_raise_for_error(cell, cell_index, exec_reply)
  File "C:\Users\Pc Com\anaconda3\envs\env_pf_data_viz\lib\site-packages\nbclient\client.py", line 918, in _check_raise_for_error
    raise CellExecutionError.from_cell_and_msg(cell, exec_reply_content)
nbclient.exceptions.CellExecutionError: An error occurred while executing the following cell:
------------------
modelo_logit = sm.Logit(data_1['investment'], data_1[['Volatility_sell', 'expected_return_yearly', 'inflation', 'nominal_return', 'price_SELL','price_BUY']])
resultado_modelo = modelo_logit.fit()
------------------


[1;31m---------------------------------------------------------------------------[0m
[1;31mValueError[0m                                Traceback (most recent call last)
Cell [1;32mIn[24], line 1[0m
[1;32m----> 1[0m modelo_logit [38;5;241m=[39m [43msm[49m[38;5;241;43m.[39;49m[43mLogit[49m[43m([49m[43mdata_1[49m[43m[[49m[38;5;124;43m'[39;49m[38;5;124;43minvestment[39;49m[38;5;124;43m'[39;49m[43m][49m[43m,[49m[43m [49m[43mdata_1[49m[43m[[49m[43m[[49m[38;5;124;43m'[39;49m[38;5;124;43mVolatility_sell[39;49m[38;5;124;43m'[39;49m[43m,[49m[43m [49m[38;5;124;43m'[39;49m[38;5;124;43mexpected_return_yearly[39;49m[38;5;124;43m'[39;49m[43m,[49m[43m [49m[38;5;124;43m'[39;49m[38;5;124;43minflation[39;49m[38;5;124;43m'[39;49m[43m,[49m[43m [49m[38;5;124;43m'[39;49m[38;5;124;43mnominal_return[39;49m[38;5;124;43m'[39;49m[43m,[49m[43m [49m[38;5;124;43m'[39;49m[38;5;124;43mprice_SELL[39;49m[38;5;124;43m'[39;49m[43m,[49m[38;5;124;43m'[39;49m[38;5;124;43mprice_BUY[39;49m[38;5;124;43m'[39;49m[43m][49m[43m][49m[43m)[49m
[0;32m      2[0m resultado_modelo [38;5;241m=[39m modelo_logit[38;5;241m.[39mfit()

File [1;32m~\anaconda3\envs\env_pf_data_viz\lib\site-packages\statsmodels\discrete\discrete_model.py:475[0m, in [0;36mBinaryModel.__init__[1;34m(self, endog, exog, offset, check_rank, **kwargs)[0m
[0;32m    472[0m [38;5;28;01mdef[39;00m [38;5;21m__init__[39m([38;5;28mself[39m, endog, exog, offset[38;5;241m=[39m[38;5;28;01mNone[39;00m, check_rank[38;5;241m=[39m[38;5;28;01mTrue[39;00m, [38;5;241m*[39m[38;5;241m*[39mkwargs):
[0;32m    473[0m     [38;5;66;03m# unconditional check, requires no extra kwargs added by subclasses[39;00m
[0;32m    474[0m     [38;5;28mself[39m[38;5;241m.[39m_check_kwargs(kwargs)
[1;32m--> 475[0m     [38;5;28msuper[39m()[38;5;241m.[39m[38;5;21m__init__[39m(endog, exog, offset[38;5;241m=[39moffset, check_rank[38;5;241m=[39mcheck_rank,
[0;32m    476[0m                      [38;5;241m*[39m[38;5;241m*[39mkwargs)
[0;32m    477[0m     [38;5;28;01mif[39;00m [38;5;129;01mnot[39;00m [38;5;28missubclass[39m([38;5;28mself[39m[38;5;241m.[39m[38;5;18m__class__[39m, MultinomialModel):
[0;32m    478[0m         [38;5;28;01mif[39;00m [38;5;129;01mnot[39;00m np[38;5;241m.[39mall(([38;5;28mself[39m[38;5;241m.[39mendog [38;5;241m>[39m[38;5;241m=[39m [38;5;241m0[39m) [38;5;241m&[39m ([38;5;28mself[39m[38;5;241m.[39mendog [38;5;241m<[39m[38;5;241m=[39m [38;5;241m1[39m)):

File [1;32m~\anaconda3\envs\env_pf_data_viz\lib\site-packages\statsmodels\discrete\discrete_model.py:185[0m, in [0;36mDiscreteModel.__init__[1;34m(self, endog, exog, check_rank, **kwargs)[0m
[0;32m    183[0m [38;5;28;01mdef[39;00m [38;5;21m__init__[39m([38;5;28mself[39m, endog, exog, check_rank[38;5;241m=[39m[38;5;28;01mTrue[39;00m, [38;5;241m*[39m[38;5;241m*[39mkwargs):
[0;32m    184[0m     [38;5;28mself[39m[38;5;241m.[39m_check_rank [38;5;241m=[39m check_rank
[1;32m--> 185[0m     [38;5;28msuper[39m()[38;5;241m.[39m[38;5;21m__init__[39m(endog, exog, [38;5;241m*[39m[38;5;241m*[39mkwargs)
[0;32m    186[0m     [38;5;28mself[39m[38;5;241m.[39mraise_on_perfect_prediction [38;5;241m=[39m [38;5;28;01mFalse[39;00m  [38;5;66;03m# keep for backwards compat[39;00m
[0;32m    187[0m     [38;5;28mself[39m[38;5;241m.[39mk_extra [38;5;241m=[39m [38;5;241m0[39m

File [1;32m~\anaconda3\envs\env_pf_data_viz\lib\site-packages\statsmodels\base\model.py:270[0m, in [0;36mLikelihoodModel.__init__[1;34m(self, endog, exog, **kwargs)[0m
[0;32m    269[0m [38;5;28;01mdef[39;00m [38;5;21m__init__[39m([38;5;28mself[39m, endog, exog[38;5;241m=[39m[38;5;28;01mNone[39;00m, [38;5;241m*[39m[38;5;241m*[39mkwargs):
[1;32m--> 270[0m     [38;5;28msuper[39m()[38;5;241m.[39m[38;5;21m__init__[39m(endog, exog, [38;5;241m*[39m[38;5;241m*[39mkwargs)
[0;32m    271[0m     [38;5;28mself[39m[38;5;241m.[39minitialize()

File [1;32m~\anaconda3\envs\env_pf_data_viz\lib\site-packages\statsmodels\base\model.py:95[0m, in [0;36mModel.__init__[1;34m(self, endog, exog, **kwargs)[0m
[0;32m     93[0m missing [38;5;241m=[39m kwargs[38;5;241m.[39mpop([38;5;124m'[39m[38;5;124mmissing[39m[38;5;124m'[39m, [38;5;124m'[39m[38;5;124mnone[39m[38;5;124m'[39m)
[0;32m     94[0m hasconst [38;5;241m=[39m kwargs[38;5;241m.[39mpop([38;5;124m'[39m[38;5;124mhasconst[39m[38;5;124m'[39m, [38;5;28;01mNone[39;00m)
[1;32m---> 95[0m [38;5;28mself[39m[38;5;241m.[39mdata [38;5;241m=[39m [38;5;28mself[39m[38;5;241m.[39m_handle_data(endog, exog, missing, hasconst,
[0;32m     96[0m                               [38;5;241m*[39m[38;5;241m*[39mkwargs)
[0;32m     97[0m [38;5;28mself[39m[38;5;241m.[39mk_constant [38;5;241m=[39m [38;5;28mself[39m[38;5;241m.[39mdata[38;5;241m.[39mk_constant
[0;32m     98[0m [38;5;28mself[39m[38;5;241m.[39mexog [38;5;241m=[39m [38;5;28mself[39m[38;5;241m.[39mdata[38;5;241m.[39mexog

File [1;32m~\anaconda3\envs\env_pf_data_viz\lib\site-packages\statsmodels\base\model.py:135[0m, in [0;36mModel._handle_data[1;34m(self, endog, exog, missing, hasconst, **kwargs)[0m
[0;32m    134[0m [38;5;28;01mdef[39;00m [38;5;21m_handle_data[39m([38;5;28mself[39m, endog, exog, missing, hasconst, [38;5;241m*[39m[38;5;241m*[39mkwargs):
[1;32m--> 135[0m     data [38;5;241m=[39m handle_data(endog, exog, missing, hasconst, [38;5;241m*[39m[38;5;241m*[39mkwargs)
[0;32m    136[0m     [38;5;66;03m# kwargs arrays could have changed, easier to just attach here[39;00m
[0;32m    137[0m     [38;5;28;01mfor[39;00m key [38;5;129;01min[39;00m kwargs:

File [1;32m~\anaconda3\envs\env_pf_data_viz\lib\site-packages\statsmodels\base\data.py:675[0m, in [0;36mhandle_data[1;34m(endog, exog, missing, hasconst, **kwargs)[0m
[0;32m    672[0m     exog [38;5;241m=[39m np[38;5;241m.[39masarray(exog)
[0;32m    674[0m klass [38;5;241m=[39m handle_data_class_factory(endog, exog)
[1;32m--> 675[0m [38;5;28;01mreturn[39;00m klass(endog, exog[38;5;241m=[39mexog, missing[38;5;241m=[39mmissing, hasconst[38;5;241m=[39mhasconst,
[0;32m    676[0m              [38;5;241m*[39m[38;5;241m*[39mkwargs)

File [1;32m~\anaconda3\envs\env_pf_data_viz\lib\site-packages\statsmodels\base\data.py:84[0m, in [0;36mModelData.__init__[1;34m(self, endog, exog, missing, hasconst, **kwargs)[0m
[0;32m     82[0m     [38;5;28mself[39m[38;5;241m.[39morig_endog [38;5;241m=[39m endog
[0;32m     83[0m     [38;5;28mself[39m[38;5;241m.[39morig_exog [38;5;241m=[39m exog
[1;32m---> 84[0m     [38;5;28mself[39m[38;5;241m.[39mendog, [38;5;28mself[39m[38;5;241m.[39mexog [38;5;241m=[39m [38;5;28;43mself[39;49m[38;5;241;43m.[39;49m[43m_convert_endog_exog[49m[43m([49m[43mendog[49m[43m,[49m[43m [49m[43mexog[49m[43m)[49m
[0;32m     86[0m [38;5;28mself[39m[38;5;241m.[39mconst_idx [38;5;241m=[39m [38;5;28;01mNone[39;00m
[0;32m     87[0m [38;5;28mself[39m[38;5;241m.[39mk_constant [38;5;241m=[39m [38;5;241m0[39m

File [1;32m~\anaconda3\envs\env_pf_data_viz\lib\site-packages\statsmodels\base\data.py:509[0m, in [0;36mPandasData._convert_endog_exog[1;34m(self, endog, exog)[0m
[0;32m    507[0m exog [38;5;241m=[39m exog [38;5;28;01mif[39;00m exog [38;5;129;01mis[39;00m [38;5;28;01mNone[39;00m [38;5;28;01melse[39;00m np[38;5;241m.[39masarray(exog)
[0;32m    508[0m [38;5;28;01mif[39;00m endog[38;5;241m.[39mdtype [38;5;241m==[39m [38;5;28mobject[39m [38;5;129;01mor[39;00m exog [38;5;129;01mis[39;00m [38;5;129;01mnot[39;00m [38;5;28;01mNone[39;00m [38;5;129;01mand[39;00m exog[38;5;241m.[39mdtype [38;5;241m==[39m [38;5;28mobject[39m:
[1;32m--> 509[0m     [38;5;28;01mraise[39;00m [38;5;167;01mValueError[39;00m([38;5;124m"[39m[38;5;124mPandas data cast to numpy dtype of object. [39m[38;5;124m"[39m
[0;32m    510[0m                      [38;5;124m"[39m[38;5;124mCheck input data with np.asarray(data).[39m[38;5;124m"[39m)
[0;32m    511[0m [38;5;28;01mreturn[39;00m [38;5;28msuper[39m()[38;5;241m.[39m_convert_endog_exog(endog, exog)

[1;31mValueError[0m: Pandas data cast to numpy dtype of object. Check input data with np.asarray(data).

